[2025-12-30 07:30:38] Starting scan...
[2025-12-30 07:30:50] Starting scan...
[2025-12-30 07:31:34] Starting scan...
[2025-12-30 07:31:37] Scan complete. Found 0 new jobs.
[2025-12-30 07:31:51] Starting scan...
[2025-12-30 07:31:53] Telegram token not set.
[2025-12-30 07:31:54] Telegram token not set.
[2025-12-30 07:31:55] Telegram token not set.
[2025-12-30 07:31:56] Telegram token not set.
[2025-12-30 07:31:57] Telegram token not set.
[2025-12-30 07:31:58] Scan complete. Found 5 new jobs.
[2025-12-30 07:36:25] Starting scan...
[2025-12-30 07:36:28] Scan complete. Found 0 new jobs.
[2025-12-30 07:38:24] Starting scan...
[2025-12-30 07:38:27] Scan complete. Found 0 new jobs.
[2025-12-30 07:38:27] Sleeping for 30 minutes...
[2025-12-30 07:40:09] Starting scan...
[2025-12-30 07:40:12] Scan complete. Found 0 new jobs.
[2025-12-30 07:41:46] Starting scan...
[2025-12-30 07:41:47] Scan complete. Found 0 new jobs.
[2025-12-30 07:44:11] Starting scan...
[2025-12-30 07:44:29] Starting scan...
[2025-12-30 07:44:42] Scan complete. Found 5 new jobs.
[2025-12-30 07:45:03] Starting scan...
[2025-12-30 07:45:05] Scan complete. Found 0 new jobs.
[2025-12-30 07:45:05] Sleeping for 30 minutes...
[2025-12-30 13:49:53] Starting scan...
[2025-12-30 13:51:02] Scan complete. Found 27 new jobs.
[2025-12-30 13:51:02] Sleeping for 30 minutes...
[2025-12-30 13:53:13] Starting scan...
[2025-12-30 13:53:47] Scan complete. Found 11 new jobs.
[2025-12-30 13:53:47] Sleeping for 30 minutes...
[2025-12-30 19:54:18] Starting scan...
[2025-12-30 19:54:29] Scan complete. Found 0 new jobs.
[2025-12-30 19:54:29] Sleeping for 30 minutes...
[2025-12-30 20:06:51] Starting scan...
[2025-12-30 20:10:10] Starting scan...
[2025-12-30 20:10:20] Scan complete. Found 0 new jobs.
[2025-12-30 20:10:20] Sleeping for 30 minutes...
[2025-12-30 20:18:10] Starting scan...
[2025-12-30 20:27:13] Starting scan...
[2025-12-30 20:30:22] Scan complete. Found 74 new jobs.
[2025-12-30 20:30:22] Sleeping for 30 minutes...
[2025-12-30 20:43:33] Starting scan...
[2025-12-30 20:44:21] Scan complete. Found 6 new jobs.
[2025-12-30 20:44:23] Sleeping for 30 minutes...
[2025-12-30 23:40:37] Starting scan...
[2025-12-30 23:41:43] Scan complete. Found 11 new jobs.
[2025-12-30 23:41:45] Sleeping for 30 minutes...
[2025-12-30 23:49:27] Starting scan...
[2025-12-30 23:51:11] Starting scan...
[2025-12-30 23:51:48] Scan complete. Found 1 new jobs.
[2025-12-30 23:51:49] Sleeping for 30 minutes...
[2025-12-31 00:06:24] Starting scan...
[2025-12-31 00:06:45] Telegram token not set.
[2025-12-31 00:06:46] Scan complete. Found 1 new jobs.
[2025-12-31 00:06:47] Sleeping for 30 minutes...
[2025-12-31 00:09:56] Starting scan...
[2025-12-31 00:10:18] Telegram token not set.
[2025-12-31 00:10:19] Telegram token not set.
[2025-12-31 00:10:20] Telegram token not set.
[2025-12-31 00:10:21] Scan complete. Found 3 new jobs.
[2025-12-31 00:10:23] Sleeping for 30 minutes...
[2025-12-31 00:10:32] Starting scan...
[2025-12-31 00:10:52] Scan complete. Found 0 new jobs.
[2025-12-31 00:10:53] Sleeping for 30 minutes...
[2025-12-31 00:13:44] Starting scan...
[2025-12-31 00:14:07] Telegram token not set.
[2025-12-31 00:14:08] Telegram token not set.
[2025-12-31 00:14:09] Telegram token not set.
[2025-12-31 00:14:10] Telegram token not set.
[2025-12-31 00:14:11] Telegram token not set.
[2025-12-31 00:14:12] Telegram token not set.
[2025-12-31 00:14:13] Telegram token not set.
[2025-12-31 00:14:14] Telegram token not set.
[2025-12-31 00:14:15] Telegram token not set.
[2025-12-31 00:14:16] Telegram token not set.
[2025-12-31 00:14:17] Telegram token not set.
[2025-12-31 00:14:18] Telegram token not set.
[2025-12-31 00:14:19] Telegram token not set.
[2025-12-31 00:14:20] Telegram token not set.
[2025-12-31 00:14:21] Telegram token not set.
[2025-12-31 00:14:22] Telegram token not set.
[2025-12-31 00:14:23] Telegram token not set.
[2025-12-31 00:16:35] Starting scan...
[2025-12-31 00:18:11] Starting scan...
[2025-12-31 00:20:55] Error sending TG: HTTPSConnectionPool(host='api.telegram.org', port=443): Max retries exceeded with url: /bot8432429523:AAENds3Ig9rMVJfPnIduZ_Y8xwLKxcdXDZI/sendMessage (Caused by ConnectTimeoutError(<HTTPSConnection(host='api.telegram.org', port=443) at 0x1b8cd989950>, 'Connection to api.telegram.org timed out. (connect timeout=5)'))
[2025-12-31 00:21:48] Error sending TG: HTTPSConnectionPool(host='api.telegram.org', port=443): Max retries exceeded with url: /bot8432429523:AAENds3Ig9rMVJfPnIduZ_Y8xwLKxcdXDZI/sendMessage (Caused by ConnectTimeoutError(<HTTPSConnection(host='api.telegram.org', port=443) at 0x1b8cd989a90>, 'Connection to api.telegram.org timed out. (connect timeout=5)'))
[2025-12-31 00:21:54] Scan complete. Found 78 new jobs.
[2025-12-31 00:21:55] Sleeping for 1 minutes...
[2025-12-31 00:22:55] Starting scan...
[2025-12-31 00:22:58] Error fetching Google Jobs (site:greenhouse.io (software engineer OR developer) USA ("entry level" OR "junior" OR "0-1 year") when:1d): HTTPSConnectionPool(host='news.google.com', port=443): Max retries exceeded with url: /rss/search?q=site%3Agreenhouse.io+%28software+engineer+OR+developer%29+USA+%28%22entry+level%22+OR+%22junior%22+OR+%220-1+year%22%29+when%3A1d&hl=en-US&gl=US&ceid=US%3Aen (Caused by SSLError(SSLError(1, '[SSL: SSLV3_ALERT_BAD_RECORD_MAC] sslv3 alert bad record mac (_ssl.c:2710)')))
[2025-12-31 00:22:59] Error fetching Google Jobs (site:lever.co (software engineer OR developer) USA ("entry level" OR "junior" OR "0-1 year") when:1d): HTTPSConnectionPool(host='news.google.com', port=443): Max retries exceeded with url: /rss/search?q=site%3Alever.co+%28software+engineer+OR+developer%29+USA+%28%22entry+level%22+OR+%22junior%22+OR+%220-1+year%22%29+when%3A1d&hl=en-US&gl=US&ceid=US%3Aen (Caused by SSLError(SSLError(1, '[SSL: SSLV3_ALERT_BAD_RECORD_MAC] sslv3 alert bad record mac (_ssl.c:2710)')))
[2025-12-31 00:22:59] Error fetching Google Jobs (site:workday.com (software engineer OR developer) USA ("entry level" OR "junior" OR "0-1 year") when:1d): HTTPSConnectionPool(host='news.google.com', port=443): Max retries exceeded with url: /rss/search?q=site%3Aworkday.com+%28software+engineer+OR+developer%29+USA+%28%22entry+level%22+OR+%22junior%22+OR+%220-1+year%22%29+when%3A1d&hl=en-US&gl=US&ceid=US%3Aen (Caused by SSLError(SSLError(1, '[SSL: SSLV3_ALERT_BAD_RECORD_MAC] sslv3 alert bad record mac (_ssl.c:2710)')))
[2025-12-31 00:23:00] Error fetching Google Jobs (site:linkedin.com/jobs (software engineer OR developer) USA ("entry level" OR "junior" OR "0-1 year") when:1d): HTTPSConnectionPool(host='news.google.com', port=443): Max retries exceeded with url: /rss/search?q=site%3Alinkedin.com%2Fjobs+%28software+engineer+OR+developer%29+USA+%28%22entry+level%22+OR+%22junior%22+OR+%220-1+year%22%29+when%3A1d&hl=en-US&gl=US&ceid=US%3Aen (Caused by SSLError(SSLError(1, '[SSL: SSLV3_ALERT_BAD_RECORD_MAC] sslv3 alert bad record mac (_ssl.c:2710)')))
[2025-12-31 00:23:03] Error fetching Google Jobs (site:glassdoor.com (software engineer OR developer) USA ("entry level" OR "junior" OR "0-1 year") when:1d): HTTPSConnectionPool(host='news.google.com', port=443): Max retries exceeded with url: /rss/search?q=site%3Aglassdoor.com+%28software+engineer+OR+developer%29+USA+%28%22entry+level%22+OR+%22junior%22+OR+%220-1+year%22%29+when%3A1d&hl=en-US&gl=US&ceid=US%3Aen (Caused by SSLError(SSLError(1, '[SSL: SSLV3_ALERT_BAD_RECORD_MAC] sslv3 alert bad record mac (_ssl.c:2710)')))
[2025-12-31 00:23:03] Error fetching Google Jobs (site:monster.com (software engineer OR developer) USA ("entry level" OR "junior" OR "0-1 year") when:1d): HTTPSConnectionPool(host='news.google.com', port=443): Max retries exceeded with url: /rss/search?q=site%3Amonster.com+%28software+engineer+OR+developer%29+USA+%28%22entry+level%22+OR+%22junior%22+OR+%220-1+year%22%29+when%3A1d&hl=en-US&gl=US&ceid=US%3Aen (Caused by SSLError(SSLError(1, '[SSL: SSLV3_ALERT_BAD_RECORD_MAC] sslv3 alert bad record mac (_ssl.c:2710)')))
[2025-12-31 00:23:04] Error fetching Google Jobs (site:dice.com (software engineer OR developer) USA ("entry level" OR "junior" OR "0-1 year") when:1d): HTTPSConnectionPool(host='news.google.com', port=443): Max retries exceeded with url: /rss/search?q=site%3Adice.com+%28software+engineer+OR+developer%29+USA+%28%22entry+level%22+OR+%22junior%22+OR+%220-1+year%22%29+when%3A1d&hl=en-US&gl=US&ceid=US%3Aen (Caused by SSLError(SSLError(1, '[SSL: SSLV3_ALERT_BAD_RECORD_MAC] sslv3 alert bad record mac (_ssl.c:2710)')))
[2025-12-31 00:23:05] Error fetching Google Jobs (site:ziprecruiter.com (software engineer OR developer) USA ("entry level" OR "junior" OR "0-1 year") when:1d): HTTPSConnectionPool(host='news.google.com', port=443): Max retries exceeded with url: /rss/search?q=site%3Aziprecruiter.com+%28software+engineer+OR+developer%29+USA+%28%22entry+level%22+OR+%22junior%22+OR+%220-1+year%22%29+when%3A1d&hl=en-US&gl=US&ceid=US%3Aen (Caused by SSLError(SSLError(1, '[SSL: SSLV3_ALERT_BAD_RECORD_MAC] sslv3 alert bad record mac (_ssl.c:2710)')))
[2025-12-31 00:23:05] Error fetching Google Jobs (site:simplyhired.com (software engineer OR developer) USA ("entry level" OR "junior" OR "0-1 year") when:1d): HTTPSConnectionPool(host='news.google.com', port=443): Max retries exceeded with url: /rss/search?q=site%3Asimplyhired.com+%28software+engineer+OR+developer%29+USA+%28%22entry+level%22+OR+%22junior%22+OR+%220-1+year%22%29+when%3A1d&hl=en-US&gl=US&ceid=US%3Aen (Caused by SSLError(SSLError(1, '[SSL: SSLV3_ALERT_BAD_RECORD_MAC] sslv3 alert bad record mac (_ssl.c:2710)')))
[2025-12-31 00:23:06] Error fetching Google Jobs (site:careerbuilder.com (software engineer OR developer) USA ("entry level" OR "junior" OR "0-1 year") when:1d): HTTPSConnectionPool(host='news.google.com', port=443): Max retries exceeded with url: /rss/search?q=site%3Acareerbuilder.com+%28software+engineer+OR+developer%29+USA+%28%22entry+level%22+OR+%22junior%22+OR+%220-1+year%22%29+when%3A1d&hl=en-US&gl=US&ceid=US%3Aen (Caused by SSLError(SSLError(1, '[SSL: SSLV3_ALERT_BAD_RECORD_MAC] sslv3 alert bad record mac (_ssl.c:2710)')))
[2025-12-31 00:23:07] Error sending TG: HTTPSConnectionPool(host='api.telegram.org', port=443): Max retries exceeded with url: /bot8432429523:AAENds3Ig9rMVJfPnIduZ_Y8xwLKxcdXDZI/sendMessage (Caused by SSLError(SSLError(1, '[SSL: SSLV3_ALERT_BAD_RECORD_MAC] sslv3 alert bad record mac (_ssl.c:2710)')))
[2025-12-31 00:23:12] Error sending TG: HTTPSConnectionPool(host='api.telegram.org', port=443): Max retries exceeded with url: /bot8432429523:AAENds3Ig9rMVJfPnIduZ_Y8xwLKxcdXDZI/sendMessage (Caused by SSLError(SSLError(1, '[SSL: SSLV3_ALERT_BAD_RECORD_MAC] sslv3 alert bad record mac (_ssl.c:2710)')))
[2025-12-31 00:23:13] Scan complete. Found 3 new jobs.
[2025-12-31 00:23:14] Error sending TG summary: HTTPSConnectionPool(host='api.telegram.org', port=443): Max retries exceeded with url: /bot8432429523:AAENds3Ig9rMVJfPnIduZ_Y8xwLKxcdXDZI/sendMessage (Caused by SSLError(SSLError(1, '[SSL: SSLV3_ALERT_BAD_RECORD_MAC] sslv3 alert bad record mac (_ssl.c:2710)')))
[2025-12-31 00:23:14] Sleeping for 1 minutes...
[2025-12-31 00:30:22] Starting scan...
[2025-12-31 00:30:22] Fetching India jobs...
[2025-12-31 00:30:23] Error fetching Google Jobs (site:greenhouse.io (software engineer OR developer) India ("entry level" OR "junior" OR "0-1 year") when:1d): HTTPSConnectionPool(host='news.google.com', port=443): Max retries exceeded with url: /rss/search?q=site%3Agreenhouse.io+%28software+engineer+OR+developer%29+India+%28%22entry+level%22+OR+%22junior%22+OR+%220-1+year%22%29+when%3A1d&hl=en-US&gl=IN&ceid=IN%3Aen (Caused by SSLError(SSLError(1, '[SSL: SSLV3_ALERT_BAD_RECORD_MAC] sslv3 alert bad record mac (_ssl.c:2710)')))
[2025-12-31 00:30:24] Error fetching Google Jobs (site:lever.co (software engineer OR developer) India ("entry level" OR "junior" OR "0-1 year") when:1d): HTTPSConnectionPool(host='news.google.com', port=443): Max retries exceeded with url: /rss/search?q=site%3Alever.co+%28software+engineer+OR+developer%29+India+%28%22entry+level%22+OR+%22junior%22+OR+%220-1+year%22%29+when%3A1d&hl=en-US&gl=IN&ceid=IN%3Aen (Caused by SSLError(SSLError(1, '[SSL: SSLV3_ALERT_BAD_RECORD_MAC] sslv3 alert bad record mac (_ssl.c:2710)')))
[2025-12-31 00:30:24] Error fetching Google Jobs (site:workday.com (software engineer OR developer) India ("entry level" OR "junior" OR "0-1 year") when:1d): HTTPSConnectionPool(host='news.google.com', port=443): Max retries exceeded with url: /rss/search?q=site%3Aworkday.com+%28software+engineer+OR+developer%29+India+%28%22entry+level%22+OR+%22junior%22+OR+%220-1+year%22%29+when%3A1d&hl=en-US&gl=IN&ceid=IN%3Aen (Caused by SSLError(SSLError(1, '[SSL: SSLV3_ALERT_BAD_RECORD_MAC] sslv3 alert bad record mac (_ssl.c:2710)')))
[2025-12-31 00:30:25] Error fetching Google Jobs (site:linkedin.com/jobs (software engineer OR developer) India ("entry level" OR "junior" OR "0-1 year") when:1d): HTTPSConnectionPool(host='news.google.com', port=443): Max retries exceeded with url: /rss/search?q=site%3Alinkedin.com%2Fjobs+%28software+engineer+OR+developer%29+India+%28%22entry+level%22+OR+%22junior%22+OR+%220-1+year%22%29+when%3A1d&hl=en-US&gl=IN&ceid=IN%3Aen (Caused by SSLError(SSLError(1, '[SSL: SSLV3_ALERT_BAD_RECORD_MAC] sslv3 alert bad record mac (_ssl.c:2710)')))
[2025-12-31 00:30:25] Error fetching Google Jobs (site:indeed.com (software engineer OR developer) India ("entry level" OR "junior" OR "0-1 year") when:1d): HTTPSConnectionPool(host='news.google.com', port=443): Max retries exceeded with url: /rss/search?q=site%3Aindeed.com+%28software+engineer+OR+developer%29+India+%28%22entry+level%22+OR+%22junior%22+OR+%220-1+year%22%29+when%3A1d&hl=en-US&gl=IN&ceid=IN%3Aen (Caused by SSLError(SSLError(1, '[SSL: SSLV3_ALERT_BAD_RECORD_MAC] sslv3 alert bad record mac (_ssl.c:2710)')))
[2025-12-31 00:30:30] Error fetching Google Jobs (site:dice.com (software engineer OR developer) India ("entry level" OR "junior" OR "0-1 year") when:1d): HTTPSConnectionPool(host='news.google.com', port=443): Max retries exceeded with url: /rss/search?q=site%3Adice.com+%28software+engineer+OR+developer%29+India+%28%22entry+level%22+OR+%22junior%22+OR+%220-1+year%22%29+when%3A1d&hl=en-US&gl=IN&ceid=IN%3Aen (Caused by SSLError(SSLError(1, '[SSL: SSLV3_ALERT_BAD_RECORD_MAC] sslv3 alert bad record mac (_ssl.c:2710)')))
[2025-12-31 00:30:31] Error fetching Google Jobs (site:ziprecruiter.com (software engineer OR developer) India ("entry level" OR "junior" OR "0-1 year") when:1d): HTTPSConnectionPool(host='news.google.com', port=443): Max retries exceeded with url: /rss/search?q=site%3Aziprecruiter.com+%28software+engineer+OR+developer%29+India+%28%22entry+level%22+OR+%22junior%22+OR+%220-1+year%22%29+when%3A1d&hl=en-US&gl=IN&ceid=IN%3Aen (Caused by SSLError(SSLError(1, '[SSL: SSLV3_ALERT_BAD_RECORD_MAC] sslv3 alert bad record mac (_ssl.c:2710)')))
[2025-12-31 00:30:31] Error fetching Google Jobs (site:simplyhired.com (software engineer OR developer) India ("entry level" OR "junior" OR "0-1 year") when:1d): HTTPSConnectionPool(host='news.google.com', port=443): Max retries exceeded with url: /rss/search?q=site%3Asimplyhired.com+%28software+engineer+OR+developer%29+India+%28%22entry+level%22+OR+%22junior%22+OR+%220-1+year%22%29+when%3A1d&hl=en-US&gl=IN&ceid=IN%3Aen (Caused by SSLError(SSLError(1, '[SSL: SSLV3_ALERT_BAD_RECORD_MAC] sslv3 alert bad record mac (_ssl.c:2710)')))
[2025-12-31 00:30:33] Fetching International jobs...
[2025-12-31 00:30:36] Error fetching Google Jobs (site:greenhouse.io (software engineer OR developer) USA ("entry level" OR "junior" OR "0-1 year") when:1d): HTTPSConnectionPool(host='news.google.com', port=443): Max retries exceeded with url: /rss/search?q=site%3Agreenhouse.io+%28software+engineer+OR+developer%29+USA+%28%22entry+level%22+OR+%22junior%22+OR+%220-1+year%22%29+when%3A1d&hl=en-US&gl=US&ceid=US%3Aen (Caused by SSLError(SSLError(1, '[SSL: SSLV3_ALERT_BAD_RECORD_MAC] sslv3 alert bad record mac (_ssl.c:2710)')))
[2025-12-31 00:30:36] Error fetching Google Jobs (site:lever.co (software engineer OR developer) USA ("entry level" OR "junior" OR "0-1 year") when:1d): HTTPSConnectionPool(host='news.google.com', port=443): Max retries exceeded with url: /rss/search?q=site%3Alever.co+%28software+engineer+OR+developer%29+USA+%28%22entry+level%22+OR+%22junior%22+OR+%220-1+year%22%29+when%3A1d&hl=en-US&gl=US&ceid=US%3Aen (Caused by SSLError(SSLError(1, '[SSL: SSLV3_ALERT_BAD_RECORD_MAC] sslv3 alert bad record mac (_ssl.c:2710)')))
[2025-12-31 00:30:41] Error fetching Google Jobs (site:indeed.com (software engineer OR developer) USA ("entry level" OR "junior" OR "0-1 year") when:1d): HTTPSConnectionPool(host='news.google.com', port=443): Max retries exceeded with url: /rss/search?q=site%3Aindeed.com+%28software+engineer+OR+developer%29+USA+%28%22entry+level%22+OR+%22junior%22+OR+%220-1+year%22%29+when%3A1d&hl=en-US&gl=US&ceid=US%3Aen (Caused by SSLError(SSLError(1, '[SSL: SSLV3_ALERT_BAD_RECORD_MAC] sslv3 alert bad record mac (_ssl.c:2710)')))
[2025-12-31 00:30:42] Error fetching Google Jobs (site:glassdoor.com (software engineer OR developer) USA ("entry level" OR "junior" OR "0-1 year") when:1d): HTTPSConnectionPool(host='news.google.com', port=443): Max retries exceeded with url: /rss/search?q=site%3Aglassdoor.com+%28software+engineer+OR+developer%29+USA+%28%22entry+level%22+OR+%22junior%22+OR+%220-1+year%22%29+when%3A1d&hl=en-US&gl=US&ceid=US%3Aen (Caused by SSLError(SSLError(1, '[SSL: SSLV3_ALERT_BAD_RECORD_MAC] sslv3 alert bad record mac (_ssl.c:2710)')))
[2025-12-31 00:30:42] Error fetching Google Jobs (site:monster.com (software engineer OR developer) USA ("entry level" OR "junior" OR "0-1 year") when:1d): HTTPSConnectionPool(host='news.google.com', port=443): Max retries exceeded with url: /rss/search?q=site%3Amonster.com+%28software+engineer+OR+developer%29+USA+%28%22entry+level%22+OR+%22junior%22+OR+%220-1+year%22%29+when%3A1d&hl=en-US&gl=US&ceid=US%3Aen (Caused by SSLError(SSLError(1, '[SSL: SSLV3_ALERT_BAD_RECORD_MAC] sslv3 alert bad record mac (_ssl.c:2710)')))
[2025-12-31 00:30:45] Error fetching Google Jobs (site:ziprecruiter.com (software engineer OR developer) USA ("entry level" OR "junior" OR "0-1 year") when:1d): HTTPSConnectionPool(host='news.google.com', port=443): Max retries exceeded with url: /rss/search?q=site%3Aziprecruiter.com+%28software+engineer+OR+developer%29+USA+%28%22entry+level%22+OR+%22junior%22+OR+%220-1+year%22%29+when%3A1d&hl=en-US&gl=US&ceid=US%3Aen (Caused by SSLError(SSLError(1, '[SSL: SSLV3_ALERT_BAD_RECORD_MAC] sslv3 alert bad record mac (_ssl.c:2710)')))
[2025-12-31 00:30:45] Error fetching Google Jobs (site:simplyhired.com (software engineer OR developer) USA ("entry level" OR "junior" OR "0-1 year") when:1d): HTTPSConnectionPool(host='news.google.com', port=443): Max retries exceeded with url: /rss/search?q=site%3Asimplyhired.com+%28software+engineer+OR+developer%29+USA+%28%22entry+level%22+OR+%22junior%22+OR+%220-1+year%22%29+when%3A1d&hl=en-US&gl=US&ceid=US%3Aen (Caused by SSLError(SSLError(1, '[SSL: SSLV3_ALERT_BAD_RECORD_MAC] sslv3 alert bad record mac (_ssl.c:2710)')))
[2025-12-31 00:30:46] Error fetching Google Jobs (site:careerbuilder.com (software engineer OR developer) USA ("entry level" OR "junior" OR "0-1 year") when:1d): HTTPSConnectionPool(host='news.google.com', port=443): Max retries exceeded with url: /rss/search?q=site%3Acareerbuilder.com+%28software+engineer+OR+developer%29+USA+%28%22entry+level%22+OR+%22junior%22+OR+%220-1+year%22%29+when%3A1d&hl=en-US&gl=US&ceid=US%3Aen (Caused by SSLError(SSLError(1, '[SSL: SSLV3_ALERT_BAD_RECORD_MAC] sslv3 alert bad record mac (_ssl.c:2710)')))
[2025-12-31 00:31:49] Starting scan...
[2025-12-31 00:31:49] Fetching India jobs...
[2025-12-31 00:31:49] Error fetching Google Jobs (site:greenhouse.io (software engineer OR developer) India ("entry level" OR "junior" OR "0-1 year") when:1d): HTTPSConnectionPool(host='news.google.com', port=443): Max retries exceeded with url: /rss/search?q=site%3Agreenhouse.io+%28software+engineer+OR+developer%29+India+%28%22entry+level%22+OR+%22junior%22+OR+%220-1+year%22%29+when%3A1d&hl=en-US&gl=IN&ceid=IN%3Aen (Caused by SSLError(SSLError(1, '[SSL: SSLV3_ALERT_BAD_RECORD_MAC] sslv3 alert bad record mac (_ssl.c:2710)')))
[2025-12-31 00:31:50] Error fetching Google Jobs (site:lever.co (software engineer OR developer) India ("entry level" OR "junior" OR "0-1 year") when:1d): HTTPSConnectionPool(host='news.google.com', port=443): Max retries exceeded with url: /rss/search?q=site%3Alever.co+%28software+engineer+OR+developer%29+India+%28%22entry+level%22+OR+%22junior%22+OR+%220-1+year%22%29+when%3A1d&hl=en-US&gl=IN&ceid=IN%3Aen (Caused by SSLError(SSLError(1, '[SSL: SSLV3_ALERT_BAD_RECORD_MAC] sslv3 alert bad record mac (_ssl.c:2710)')))
[2025-12-31 00:31:50] Error fetching Google Jobs (site:workday.com (software engineer OR developer) India ("entry level" OR "junior" OR "0-1 year") when:1d): HTTPSConnectionPool(host='news.google.com', port=443): Max retries exceeded with url: /rss/search?q=site%3Aworkday.com+%28software+engineer+OR+developer%29+India+%28%22entry+level%22+OR+%22junior%22+OR+%220-1+year%22%29+when%3A1d&hl=en-US&gl=IN&ceid=IN%3Aen (Caused by SSLError(SSLError(1, '[SSL: SSLV3_ALERT_BAD_RECORD_MAC] sslv3 alert bad record mac (_ssl.c:2710)')))
[2025-12-31 00:31:51] Error fetching Google Jobs (site:linkedin.com/jobs (software engineer OR developer) India ("entry level" OR "junior" OR "0-1 year") when:1d): HTTPSConnectionPool(host='news.google.com', port=443): Max retries exceeded with url: /rss/search?q=site%3Alinkedin.com%2Fjobs+%28software+engineer+OR+developer%29+India+%28%22entry+level%22+OR+%22junior%22+OR+%220-1+year%22%29+when%3A1d&hl=en-US&gl=IN&ceid=IN%3Aen (Caused by SSLError(SSLError(1, '[SSL: SSLV3_ALERT_BAD_RECORD_MAC] sslv3 alert bad record mac (_ssl.c:2710)')))
[2025-12-31 00:31:54] Error fetching Google Jobs (site:glassdoor.com (software engineer OR developer) India ("entry level" OR "junior" OR "0-1 year") when:1d): HTTPSConnectionPool(host='news.google.com', port=443): Max retries exceeded with url: /rss/search?q=site%3Aglassdoor.com+%28software+engineer+OR+developer%29+India+%28%22entry+level%22+OR+%22junior%22+OR+%220-1+year%22%29+when%3A1d&hl=en-US&gl=IN&ceid=IN%3Aen (Caused by SSLError(SSLError(1, '[SSL: SSLV3_ALERT_BAD_RECORD_MAC] sslv3 alert bad record mac (_ssl.c:2710)')))
[2025-12-31 00:31:55] Error fetching Google Jobs (site:monster.com (software engineer OR developer) India ("entry level" OR "junior" OR "0-1 year") when:1d): HTTPSConnectionPool(host='news.google.com', port=443): Max retries exceeded with url: /rss/search?q=site%3Amonster.com+%28software+engineer+OR+developer%29+India+%28%22entry+level%22+OR+%22junior%22+OR+%220-1+year%22%29+when%3A1d&hl=en-US&gl=IN&ceid=IN%3Aen (Caused by SSLError(SSLError(1, '[SSL: SSLV3_ALERT_BAD_RECORD_MAC] sslv3 alert bad record mac (_ssl.c:2710)')))
[2025-12-31 00:31:55] Error fetching Google Jobs (site:dice.com (software engineer OR developer) India ("entry level" OR "junior" OR "0-1 year") when:1d): HTTPSConnectionPool(host='news.google.com', port=443): Max retries exceeded with url: /rss/search?q=site%3Adice.com+%28software+engineer+OR+developer%29+India+%28%22entry+level%22+OR+%22junior%22+OR+%220-1+year%22%29+when%3A1d&hl=en-US&gl=IN&ceid=IN%3Aen (Caused by SSLError(SSLError(1, '[SSL: SSLV3_ALERT_BAD_RECORD_MAC] sslv3 alert bad record mac (_ssl.c:2710)')))
[2025-12-31 00:31:56] Error fetching Google Jobs (site:ziprecruiter.com (software engineer OR developer) India ("entry level" OR "junior" OR "0-1 year") when:1d): HTTPSConnectionPool(host='news.google.com', port=443): Max retries exceeded with url: /rss/search?q=site%3Aziprecruiter.com+%28software+engineer+OR+developer%29+India+%28%22entry+level%22+OR+%22junior%22+OR+%220-1+year%22%29+when%3A1d&hl=en-US&gl=IN&ceid=IN%3Aen (Caused by SSLError(SSLError(1, '[SSL: SSLV3_ALERT_BAD_RECORD_MAC] sslv3 alert bad record mac (_ssl.c:2710)')))
[2025-12-31 00:31:57] Error fetching Google Jobs (site:simplyhired.com (software engineer OR developer) India ("entry level" OR "junior" OR "0-1 year") when:1d): HTTPSConnectionPool(host='news.google.com', port=443): Max retries exceeded with url: /rss/search?q=site%3Asimplyhired.com+%28software+engineer+OR+developer%29+India+%28%22entry+level%22+OR+%22junior%22+OR+%220-1+year%22%29+when%3A1d&hl=en-US&gl=IN&ceid=IN%3Aen (Caused by SSLError(SSLError(1, '[SSL: SSLV3_ALERT_BAD_RECORD_MAC] sslv3 alert bad record mac (_ssl.c:2710)')))
[2025-12-31 00:31:57] Error fetching Google Jobs (site:careerbuilder.com (software engineer OR developer) India ("entry level" OR "junior" OR "0-1 year") when:1d): HTTPSConnectionPool(host='news.google.com', port=443): Max retries exceeded with url: /rss/search?q=site%3Acareerbuilder.com+%28software+engineer+OR+developer%29+India+%28%22entry+level%22+OR+%22junior%22+OR+%220-1+year%22%29+when%3A1d&hl=en-US&gl=IN&ceid=IN%3Aen (Caused by SSLError(SSLError(1, '[SSL: SSLV3_ALERT_BAD_RECORD_MAC] sslv3 alert bad record mac (_ssl.c:2710)')))
[2025-12-31 00:31:59] Error sending TG: HTTPSConnectionPool(host='api.telegram.org', port=443): Max retries exceeded with url: /bot8432429523:AAENds3Ig9rMVJfPnIduZ_Y8xwLKxcdXDZI/sendMessage (Caused by SSLError(SSLError(1, '[SSL: SSLV3_ALERT_BAD_RECORD_MAC] sslv3 alert bad record mac (_ssl.c:2710)')))
[2025-12-31 00:32:00] Error sending TG: HTTPSConnectionPool(host='api.telegram.org', port=443): Max retries exceeded with url: /bot8432429523:AAENds3Ig9rMVJfPnIduZ_Y8xwLKxcdXDZI/sendMessage (Caused by SSLError(SSLError(1, '[SSL: SSLV3_ALERT_BAD_RECORD_MAC] sslv3 alert bad record mac (_ssl.c:2710)')))
[2025-12-31 00:32:03] Error sending TG: HTTPSConnectionPool(host='api.telegram.org', port=443): Max retries exceeded with url: /bot8432429523:AAENds3Ig9rMVJfPnIduZ_Y8xwLKxcdXDZI/sendMessage (Caused by SSLError(SSLError(1, '[SSL: SSLV3_ALERT_BAD_RECORD_MAC] sslv3 alert bad record mac (_ssl.c:2710)')))
[2025-12-31 00:32:05] Error sending TG: HTTPSConnectionPool(host='api.telegram.org', port=443): Max retries exceeded with url: /bot8432429523:AAENds3Ig9rMVJfPnIduZ_Y8xwLKxcdXDZI/sendMessage (Caused by SSLError(SSLError(1, '[SSL: SSLV3_ALERT_BAD_RECORD_MAC] sslv3 alert bad record mac (_ssl.c:2710)')))
[2025-12-31 00:32:06] Fetching International jobs...
[2025-12-31 00:32:10] Error fetching Google Jobs (site:lever.co (software engineer OR developer) USA ("entry level" OR "junior" OR "0-1 year") when:1d): HTTPSConnectionPool(host='news.google.com', port=443): Max retries exceeded with url: /rss/search?q=site%3Alever.co+%28software+engineer+OR+developer%29+USA+%28%22entry+level%22+OR+%22junior%22+OR+%220-1+year%22%29+when%3A1d&hl=en-US&gl=US&ceid=US%3Aen (Caused by SSLError(SSLError(1, '[SSL: SSLV3_ALERT_BAD_RECORD_MAC] sslv3 alert bad record mac (_ssl.c:2710)')))
[2025-12-31 00:32:11] Error fetching Google Jobs (site:workday.com (software engineer OR developer) USA ("entry level" OR "junior" OR "0-1 year") when:1d): HTTPSConnectionPool(host='news.google.com', port=443): Max retries exceeded with url: /rss/search?q=site%3Aworkday.com+%28software+engineer+OR+developer%29+USA+%28%22entry+level%22+OR+%22junior%22+OR+%220-1+year%22%29+when%3A1d&hl=en-US&gl=US&ceid=US%3Aen (Caused by SSLError(SSLError(1, '[SSL: SSLV3_ALERT_BAD_RECORD_MAC] sslv3 alert bad record mac (_ssl.c:2710)')))
[2025-12-31 00:32:11] Error fetching Google Jobs (site:linkedin.com/jobs (software engineer OR developer) USA ("entry level" OR "junior" OR "0-1 year") when:1d): HTTPSConnectionPool(host='news.google.com', port=443): Max retries exceeded with url: /rss/search?q=site%3Alinkedin.com%2Fjobs+%28software+engineer+OR+developer%29+USA+%28%22entry+level%22+OR+%22junior%22+OR+%220-1+year%22%29+when%3A1d&hl=en-US&gl=US&ceid=US%3Aen (Caused by SSLError(SSLError(1, '[SSL: SSLV3_ALERT_BAD_RECORD_MAC] sslv3 alert bad record mac (_ssl.c:2710)')))
[2025-12-31 00:32:12] Error fetching Google Jobs (site:indeed.com (software engineer OR developer) USA ("entry level" OR "junior" OR "0-1 year") when:1d): HTTPSConnectionPool(host='news.google.com', port=443): Max retries exceeded with url: /rss/search?q=site%3Aindeed.com+%28software+engineer+OR+developer%29+USA+%28%22entry+level%22+OR+%22junior%22+OR+%220-1+year%22%29+when%3A1d&hl=en-US&gl=US&ceid=US%3Aen (Caused by SSLError(SSLError(1, '[SSL: SSLV3_ALERT_BAD_RECORD_MAC] sslv3 alert bad record mac (_ssl.c:2710)')))
[2025-12-31 00:32:12] Error fetching Google Jobs (site:glassdoor.com (software engineer OR developer) USA ("entry level" OR "junior" OR "0-1 year") when:1d): HTTPSConnectionPool(host='news.google.com', port=443): Max retries exceeded with url: /rss/search?q=site%3Aglassdoor.com+%28software+engineer+OR+developer%29+USA+%28%22entry+level%22+OR+%22junior%22+OR+%220-1+year%22%29+when%3A1d&hl=en-US&gl=US&ceid=US%3Aen (Caused by SSLError(SSLError(1, '[SSL: SSLV3_ALERT_BAD_RECORD_MAC] sslv3 alert bad record mac (_ssl.c:2710)')))
[2025-12-31 00:32:13] Error fetching Google Jobs (site:monster.com (software engineer OR developer) USA ("entry level" OR "junior" OR "0-1 year") when:1d): HTTPSConnectionPool(host='news.google.com', port=443): Max retries exceeded with url: /rss/search?q=site%3Amonster.com+%28software+engineer+OR+developer%29+USA+%28%22entry+level%22+OR+%22junior%22+OR+%220-1+year%22%29+when%3A1d&hl=en-US&gl=US&ceid=US%3Aen (Caused by SSLError(SSLError(1, '[SSL: SSLV3_ALERT_BAD_RECORD_MAC] sslv3 alert bad record mac (_ssl.c:2710)')))
[2025-12-31 00:32:13] Error fetching Google Jobs (site:dice.com (software engineer OR developer) USA ("entry level" OR "junior" OR "0-1 year") when:1d): HTTPSConnectionPool(host='news.google.com', port=443): Max retries exceeded with url: /rss/search?q=site%3Adice.com+%28software+engineer+OR+developer%29+USA+%28%22entry+level%22+OR+%22junior%22+OR+%220-1+year%22%29+when%3A1d&hl=en-US&gl=US&ceid=US%3Aen (Caused by SSLError(SSLError(1, '[SSL: SSLV3_ALERT_BAD_RECORD_MAC] sslv3 alert bad record mac (_ssl.c:2710)')))
[2025-12-31 00:32:14] Error fetching Google Jobs (site:ziprecruiter.com (software engineer OR developer) USA ("entry level" OR "junior" OR "0-1 year") when:1d): HTTPSConnectionPool(host='news.google.com', port=443): Max retries exceeded with url: /rss/search?q=site%3Aziprecruiter.com+%28software+engineer+OR+developer%29+USA+%28%22entry+level%22+OR+%22junior%22+OR+%220-1+year%22%29+when%3A1d&hl=en-US&gl=US&ceid=US%3Aen (Caused by SSLError(SSLError(1, '[SSL: SSLV3_ALERT_BAD_RECORD_MAC] sslv3 alert bad record mac (_ssl.c:2710)')))
[2025-12-31 00:32:17] Error fetching Google Jobs (site:careerbuilder.com (software engineer OR developer) USA ("entry level" OR "junior" OR "0-1 year") when:1d): HTTPSConnectionPool(host='news.google.com', port=443): Max retries exceeded with url: /rss/search?q=site%3Acareerbuilder.com+%28software+engineer+OR+developer%29+USA+%28%22entry+level%22+OR+%22junior%22+OR+%220-1+year%22%29+when%3A1d&hl=en-US&gl=US&ceid=US%3Aen (Caused by SSLError(SSLError(1, '[SSL: SSLV3_ALERT_BAD_RECORD_MAC] sslv3 alert bad record mac (_ssl.c:2710)')))
[2025-12-31 00:32:17] Scan complete. Found 4 new jobs in total.
[2025-12-31 00:32:18] Sleeping for 1 minutes...
[2025-12-31 00:33:18] Starting scan...
[2025-12-31 00:33:18] Fetching India jobs...
[2025-12-31 00:33:19] Error fetching Google Jobs (site:greenhouse.io (software engineer OR developer) India ("entry level" OR "junior" OR "0-1 year") when:1d): HTTPSConnectionPool(host='news.google.com', port=443): Max retries exceeded with url: /rss/search?q=site%3Agreenhouse.io+%28software+engineer+OR+developer%29+India+%28%22entry+level%22+OR+%22junior%22+OR+%220-1+year%22%29+when%3A1d&hl=en-US&gl=IN&ceid=IN%3Aen (Caused by SSLError(SSLError(1, '[SSL: SSLV3_ALERT_BAD_RECORD_MAC] sslv3 alert bad record mac (_ssl.c:2710)')))
[2025-12-31 00:33:19] Error fetching Google Jobs (site:lever.co (software engineer OR developer) India ("entry level" OR "junior" OR "0-1 year") when:1d): HTTPSConnectionPool(host='news.google.com', port=443): Max retries exceeded with url: /rss/search?q=site%3Alever.co+%28software+engineer+OR+developer%29+India+%28%22entry+level%22+OR+%22junior%22+OR+%220-1+year%22%29+when%3A1d&hl=en-US&gl=IN&ceid=IN%3Aen (Caused by SSLError(SSLError(1, '[SSL: SSLV3_ALERT_BAD_RECORD_MAC] sslv3 alert bad record mac (_ssl.c:2710)')))
[2025-12-31 00:33:20] Error fetching Google Jobs (site:workday.com (software engineer OR developer) India ("entry level" OR "junior" OR "0-1 year") when:1d): HTTPSConnectionPool(host='news.google.com', port=443): Max retries exceeded with url: /rss/search?q=site%3Aworkday.com+%28software+engineer+OR+developer%29+India+%28%22entry+level%22+OR+%22junior%22+OR+%220-1+year%22%29+when%3A1d&hl=en-US&gl=IN&ceid=IN%3Aen (Caused by SSLError(SSLError(1, '[SSL: SSLV3_ALERT_BAD_RECORD_MAC] sslv3 alert bad record mac (_ssl.c:2710)')))
[2025-12-31 00:33:20] Error fetching Google Jobs (site:linkedin.com/jobs (software engineer OR developer) India ("entry level" OR "junior" OR "0-1 year") when:1d): HTTPSConnectionPool(host='news.google.com', port=443): Max retries exceeded with url: /rss/search?q=site%3Alinkedin.com%2Fjobs+%28software+engineer+OR+developer%29+India+%28%22entry+level%22+OR+%22junior%22+OR+%220-1+year%22%29+when%3A1d&hl=en-US&gl=IN&ceid=IN%3Aen (Caused by SSLError(SSLError(1, '[SSL: SSLV3_ALERT_BAD_RECORD_MAC] sslv3 alert bad record mac (_ssl.c:2710)')))
[2025-12-31 00:33:21] Error fetching Google Jobs (site:indeed.com (software engineer OR developer) India ("entry level" OR "junior" OR "0-1 year") when:1d): HTTPSConnectionPool(host='news.google.com', port=443): Max retries exceeded with url: /rss/search?q=site%3Aindeed.com+%28software+engineer+OR+developer%29+India+%28%22entry+level%22+OR+%22junior%22+OR+%220-1+year%22%29+when%3A1d&hl=en-US&gl=IN&ceid=IN%3Aen (Caused by SSLError(SSLError(1, '[SSL: SSLV3_ALERT_BAD_RECORD_MAC] sslv3 alert bad record mac (_ssl.c:2710)')))
[2025-12-31 00:33:22] Error fetching Google Jobs (site:glassdoor.com (software engineer OR developer) India ("entry level" OR "junior" OR "0-1 year") when:1d): HTTPSConnectionPool(host='news.google.com', port=443): Max retries exceeded with url: /rss/search?q=site%3Aglassdoor.com+%28software+engineer+OR+developer%29+India+%28%22entry+level%22+OR+%22junior%22+OR+%220-1+year%22%29+when%3A1d&hl=en-US&gl=IN&ceid=IN%3Aen (Caused by SSLError(SSLError(1, '[SSL: SSLV3_ALERT_BAD_RECORD_MAC] sslv3 alert bad record mac (_ssl.c:2710)')))
[2025-12-31 00:33:22] Error fetching Google Jobs (site:monster.com (software engineer OR developer) India ("entry level" OR "junior" OR "0-1 year") when:1d): HTTPSConnectionPool(host='news.google.com', port=443): Max retries exceeded with url: /rss/search?q=site%3Amonster.com+%28software+engineer+OR+developer%29+India+%28%22entry+level%22+OR+%22junior%22+OR+%220-1+year%22%29+when%3A1d&hl=en-US&gl=IN&ceid=IN%3Aen (Caused by SSLError(SSLError(1, '[SSL: SSLV3_ALERT_BAD_RECORD_MAC] sslv3 alert bad record mac (_ssl.c:2710)')))
[2025-12-31 00:33:23] Error fetching Google Jobs (site:dice.com (software engineer OR developer) India ("entry level" OR "junior" OR "0-1 year") when:1d): HTTPSConnectionPool(host='news.google.com', port=443): Max retries exceeded with url: /rss/search?q=site%3Adice.com+%28software+engineer+OR+developer%29+India+%28%22entry+level%22+OR+%22junior%22+OR+%220-1+year%22%29+when%3A1d&hl=en-US&gl=IN&ceid=IN%3Aen (Caused by SSLError(SSLError(1, '[SSL: SSLV3_ALERT_BAD_RECORD_MAC] sslv3 alert bad record mac (_ssl.c:2710)')))
[2025-12-31 00:33:23] Error fetching Google Jobs (site:ziprecruiter.com (software engineer OR developer) India ("entry level" OR "junior" OR "0-1 year") when:1d): HTTPSConnectionPool(host='news.google.com', port=443): Max retries exceeded with url: /rss/search?q=site%3Aziprecruiter.com+%28software+engineer+OR+developer%29+India+%28%22entry+level%22+OR+%22junior%22+OR+%220-1+year%22%29+when%3A1d&hl=en-US&gl=IN&ceid=IN%3Aen (Caused by SSLError(SSLError(1, '[SSL: SSLV3_ALERT_BAD_RECORD_MAC] sslv3 alert bad record mac (_ssl.c:2710)')))
[2025-12-31 00:33:27] Fetching International jobs...
[2025-12-31 00:33:30] Error fetching Google Jobs (site:greenhouse.io (software engineer OR developer) USA ("entry level" OR "junior" OR "0-1 year") when:1d): HTTPSConnectionPool(host='news.google.com', port=443): Max retries exceeded with url: /rss/search?q=site%3Agreenhouse.io+%28software+engineer+OR+developer%29+USA+%28%22entry+level%22+OR+%22junior%22+OR+%220-1+year%22%29+when%3A1d&hl=en-US&gl=US&ceid=US%3Aen (Caused by SSLError(SSLError(1, '[SSL: SSLV3_ALERT_BAD_RECORD_MAC] sslv3 alert bad record mac (_ssl.c:2710)')))
[2025-12-31 00:33:32] Error fetching Google Jobs (site:workday.com (software engineer OR developer) USA ("entry level" OR "junior" OR "0-1 year") when:1d): HTTPSConnectionPool(host='news.google.com', port=443): Max retries exceeded with url: /rss/search?q=site%3Aworkday.com+%28software+engineer+OR+developer%29+USA+%28%22entry+level%22+OR+%22junior%22+OR+%220-1+year%22%29+when%3A1d&hl=en-US&gl=US&ceid=US%3Aen (Caused by SSLError(SSLError(1, '[SSL: SSLV3_ALERT_BAD_RECORD_MAC] sslv3 alert bad record mac (_ssl.c:2710)')))
[2025-12-31 00:33:35] Error fetching Google Jobs (site:indeed.com (software engineer OR developer) USA ("entry level" OR "junior" OR "0-1 year") when:1d): HTTPSConnectionPool(host='news.google.com', port=443): Max retries exceeded with url: /rss/search?q=site%3Aindeed.com+%28software+engineer+OR+developer%29+USA+%28%22entry+level%22+OR+%22junior%22+OR+%220-1+year%22%29+when%3A1d&hl=en-US&gl=US&ceid=US%3Aen (Caused by SSLError(SSLError(1, '[SSL: SSLV3_ALERT_BAD_RECORD_MAC] sslv3 alert bad record mac (_ssl.c:2710)')))
[2025-12-31 00:33:36] Error fetching Google Jobs (site:glassdoor.com (software engineer OR developer) USA ("entry level" OR "junior" OR "0-1 year") when:1d): HTTPSConnectionPool(host='news.google.com', port=443): Max retries exceeded with url: /rss/search?q=site%3Aglassdoor.com+%28software+engineer+OR+developer%29+USA+%28%22entry+level%22+OR+%22junior%22+OR+%220-1+year%22%29+when%3A1d&hl=en-US&gl=US&ceid=US%3Aen (Caused by SSLError(SSLError(1, '[SSL: SSLV3_ALERT_BAD_RECORD_MAC] sslv3 alert bad record mac (_ssl.c:2710)')))
[2025-12-31 00:33:36] Error fetching Google Jobs (site:monster.com (software engineer OR developer) USA ("entry level" OR "junior" OR "0-1 year") when:1d): HTTPSConnectionPool(host='news.google.com', port=443): Max retries exceeded with url: /rss/search?q=site%3Amonster.com+%28software+engineer+OR+developer%29+USA+%28%22entry+level%22+OR+%22junior%22+OR+%220-1+year%22%29+when%3A1d&hl=en-US&gl=US&ceid=US%3Aen (Caused by SSLError(SSLError(1, '[SSL: SSLV3_ALERT_BAD_RECORD_MAC] sslv3 alert bad record mac (_ssl.c:2710)')))
[2025-12-31 00:33:39] Error fetching Google Jobs (site:ziprecruiter.com (software engineer OR developer) USA ("entry level" OR "junior" OR "0-1 year") when:1d): HTTPSConnectionPool(host='news.google.com', port=443): Max retries exceeded with url: /rss/search?q=site%3Aziprecruiter.com+%28software+engineer+OR+developer%29+USA+%28%22entry+level%22+OR+%22junior%22+OR+%220-1+year%22%29+when%3A1d&hl=en-US&gl=US&ceid=US%3Aen (Caused by SSLError(SSLError(1, '[SSL: SSLV3_ALERT_BAD_RECORD_MAC] sslv3 alert bad record mac (_ssl.c:2710)')))
[2025-12-31 00:33:41] Error fetching Google Jobs (site:careerbuilder.com (software engineer OR developer) USA ("entry level" OR "junior" OR "0-1 year") when:1d): HTTPSConnectionPool(host='news.google.com', port=443): Max retries exceeded with url: /rss/search?q=site%3Acareerbuilder.com+%28software+engineer+OR+developer%29+USA+%28%22entry+level%22+OR+%22junior%22+OR+%220-1+year%22%29+when%3A1d&hl=en-US&gl=US&ceid=US%3Aen (Caused by SSLError(SSLError(1, '[SSL: SSLV3_ALERT_BAD_RECORD_MAC] sslv3 alert bad record mac (_ssl.c:2710)')))
[2025-12-31 00:33:42] Error sending TG: HTTPSConnectionPool(host='api.telegram.org', port=443): Max retries exceeded with url: /bot8432429523:AAENds3Ig9rMVJfPnIduZ_Y8xwLKxcdXDZI/sendMessage (Caused by SSLError(SSLError(1, '[SSL: SSLV3_ALERT_BAD_RECORD_MAC] sslv3 alert bad record mac (_ssl.c:2710)')))
[2025-12-31 00:33:47] Error sending TG: HTTPSConnectionPool(host='api.telegram.org', port=443): Max retries exceeded with url: /bot8432429523:AAENds3Ig9rMVJfPnIduZ_Y8xwLKxcdXDZI/sendMessage (Caused by SSLError(SSLError(1, '[SSL: SSLV3_ALERT_BAD_RECORD_MAC] sslv3 alert bad record mac (_ssl.c:2710)')))
[2025-12-31 00:33:50] Scan complete. Found 4 new jobs in total.
[2025-12-31 00:33:51] Error sending TG summary: HTTPSConnectionPool(host='api.telegram.org', port=443): Max retries exceeded with url: /bot8432429523:AAENds3Ig9rMVJfPnIduZ_Y8xwLKxcdXDZI/sendMessage (Caused by SSLError(SSLError(1, '[SSL: SSLV3_ALERT_BAD_RECORD_MAC] sslv3 alert bad record mac (_ssl.c:2710)')))
[2025-12-31 00:33:51] Sleeping for 1 minutes...
[2025-12-31 07:01:45] Starting scan...
[2025-12-31 07:01:45] Fetching India jobs...
[2025-12-31 07:03:22] Sent 20 jobs. Waiting 1 minute before next batch...
[2025-12-31 07:05:23] Sent 20 jobs. Waiting 1 minute before next batch...
[2025-12-31 07:17:21] Initializing Bot...
[2025-12-31 07:17:23] Waiting for user input...
[2025-12-31 07:17:45] Starting scan...
[2025-12-31 07:17:45] Fetching India jobs...
[2025-12-31 07:18:44] Sent 10 jobs. Waiting 1 minute before next batch...
[2025-12-31 07:20:12] Sent 10 jobs. Waiting 1 minute before next batch...
